CUSTOMER.cid  CART.cid  CUSTOMER.firstname  CUSTOMER.sex  CART.cartid  CART.status  
59	59	unmfcdcorg	1	39	flgkfgcu	
59	59	unmfcdcorg	1	175	zivikupm	
123	123	mytcumcylu	0	3	lzxrklxb	
53	53	cgpzkbofek	1	131	yyzcmjsz	
115	115	xofmtwotpz	1	75	vwjmavon	
115	115	xofmtwotpz	1	40	jcbilatz	
73	73	mpedgaaprc	1	149	qhghsklx	
87	87	jpdzycwjno	1	199	muhgalpw	
115	115	xofmtwotpz	1	151	fmxvhpaq	
120	120	ignzdwsrbu	1	102	dklnihag	
115	115	xofmtwotpz	1	45	vimqgujt	
120	120	ignzdwsrbu	1	158	cyrkndmk	
189	189	qgduwmlkng	0	182	lgqbnmfl	
40	40	folozkezxk	1	92	yqidusrb	
143	143	ywhwjsqhuk	0	22	mvkxcqsi	
9	9	jeycxnsuej	1	57	ouoqmifn	
143	143	ywhwjsqhuk	0	23	vztqgeai	
113	113	usdrymibfd	0	180	ssepcosu	
47	47	arqqjsgoiu	0	178	ddmobnxn	
47	47	arqqjsgoiu	0	144	oxuwywcp	
136	136	kecdhupcaw	0	58	kcdisuws	
136	136	kecdhupcaw	0	14	xgtacpeg	
111	111	ldbmgcabcz	1	21	kbqxmudc	
181	181	pyjpinswhi	1	197	tbcwrgdi	
181	181	pyjpinswhi	1	86	skbglavg	
136	136	kecdhupcaw	0	56	hwqquqxh	
136	136	kecdhupcaw	0	74	efbyemfd	
39	39	daivojbnod	1	116	wedxbzbr	
79	79	diuyvvaupo	0	85	sqiphkkf	
31	31	uuvdwmsome	0	1	pyomqgyn	
79	79	diuyvvaupo	0	161	cqvqfchj	
137	137	egfkngsqed	1	82	zgzdahuk	
137	137	egfkngsqed	1	126	torpuect	
63	63	sxpzsysecj	0	28	xbjdazfl	
5	5	rmvqpaabdg	1	109	qvezeykx	
5	5	rmvqpaabdg	1	60	gqzkvxho	
162	162	ubhtgmpovc	1	44	snybbruk	
147	147	nawgppjncr	0	47	tlgeibxr	
93	93	zqiurklhgp	0	119	gjgbkumh	
76	76	mzwczzjptx	0	184	ahvulivp	
93	93	zqiurklhgp	0	129	rzxyjiey	
127	127	sgrpzbigmg	0	46	vxwztsjy	
93	93	zqiurklhgp	0	121	tyodbsou	
76	76	mzwczzjptx	0	118	kwmjgokp	
52	52	ieqecabhuz	1	73	andrrsku	
105	105	egwvqcqiyq	1	42	gwdcwfdg	
56	56	ljbenyiygd	0	115	atsmnojs	
188	188	qvwapjdizo	0	95	urkxjcof	
56	56	ljbenyiygd	0	77	euqkkfqw	
26	26	uswctdwkll	1	50	skactywe	
129	129	mbdpvmsenn	1	125	qmesjwfn	
101	101	ngvdnlwxyb	0	154	mrensvts	
26	26	uswctdwkll	1	54	pmhcfcol	
101	101	ngvdnlwxyb	0	38	yyazonnh	
102	102	gngfuopkeg	1	191	kjmlidtr	
197	197	lvohwskadt	1	41	pstthevd	
197	197	lvohwskadt	1	177	tnuhmpjy	
61	61	vcsjavqyfb	0	134	wmcmktcm	
96	96	mdvcbfjfkc	1	48	ofmbdlov	
158	158	syzhdvajye	1	111	gpursjni	
57	57	ucorlxhiyo	0	66	mmfeemxk	
16	16	ogiizfqbsf	0	25	ndbrdexe	
57	57	ucorlxhiyo	0	141	jnklzxhl	
16	16	ogiizfqbsf	0	138	tadncurz	
130	130	mgowkxlgmk	0	186	mcxzcqho	
37	37	kwqpvkssgb	0	98	dirmefns	
33	33	mknrhrbyhy	0	120	aejmordq	
150	150	gebjtcpoha	1	10	afnvdaxx	
198	198	zxecciipny	1	166	qmrdfqvw	
33	33	mknrhrbyhy	0	170	jlvuzpjs	
80	80	ajndsunrwx	0	137	zoyricvx	
33	33	mknrhrbyhy	0	0	ngbsywdi	
112	112	ovesahovlq	0	27	iqxcpcvi	
112	112	ovesahovlq	0	168	oauduwwa	
134	134	huycgcwece	0	139	kgtwvkpd	
155	155	dplmlnbxph	0	132	vewjvmeb	
112	112	ovesahovlq	0	87	jizwumgv	
155	155	dplmlnbxph	0	103	qtijjnnc	
196	196	fvheiaexpr	0	15	gzfnaewz	
141	141	tzitkicncy	1	61	gxzizpyq	
166	166	hyamnzzxjp	1	11	mlotuklu	
193	193	tshtvlevqj	0	112	asawzblt	
166	166	hyamnzzxjp	1	17	pwenxmsy	
141	141	tzitkicncy	1	145	ibplpugy	
85	85	qgfkexbkgh	0	93	gdakgemq	
85	85	qgfkexbkgh	0	160	kshzblef	
85	85	qgfkexbkgh	0	69	fscjsuhe	
25	25	fddyojmljq	0	123	lytnqiyq	
179	179	avaqfudlcl	0	59	lmizvttd	
60	60	wiqmabcueq	0	155	yujxkrqp	
60	60	wiqmabcueq	0	76	cuipatci	
60	60	wiqmabcueq	0	187	grmgwoka	
41	41	jkqqetoxai	0	70	wtksgusn	
180	180	vyievcvqgs	0	100	elsrhvbn	
82	82	yyuzfqtdak	0	150	graofatk	
185	185	hkeiaghwau	0	36	knomuakc	
154	154	hgswmkklvw	0	19	zyvdbkda	
124	124	mkzzlncgva	1	189	uodrncnn	
29	29	mnjctddgyt	1	78	xssgycpe	
124	124	mkzzlncgva	1	94	fodzjbam	
1	1	oxquyawmoi	1	164	txuheznb	
175	175	ybiramhstc	0	12	kdyouybc	
175	175	ybiramhstc	0	122	qrcialex	
29	29	mnjctddgyt	1	179	bkoxtnzh	
20	20	lverzjpykh	1	117	skhrhzdo	
145	145	bkvyabbsjf	1	124	cznzlaep	
84	84	xyreayusgf	1	49	quldlnpw	
117	117	omkfbeiski	0	174	epwknoqu	
62	62	kdpqtfvqeu	1	162	blcojgdu	
64	64	fbajkknfhd	0	71	ktvqlhjb	
64	64	fbajkknfhd	0	62	dgzodayf	
23	23	isfygaqieu	1	9	hbxlnttl	
131	131	haozwebxrv	0	163	qmocjzhg	
64	64	fbajkknfhd	0	147	rvjvhypw	
131	131	haozwebxrv	0	101	olhteuod	
126	126	nwiulgobda	0	108	ulzdrnwa	
71	71	ltryuhndwo	1	105	yefzajgq	
71	71	ltryuhndwo	1	99	lsafpdzf	
126	126	nwiulgobda	0	29	wkpnsoij	
126	126	nwiulgobda	0	192	dmcehzfn	
121	121	rwwcezvulp	0	7	xeukuzzu	
126	126	nwiulgobda	0	173	qtvhnhoi	
36	36	urbfsjnvcf	1	153	giolucnj	
55	55	tpvuxeypls	1	127	ntcfehlh	
36	36	urbfsjnvcf	1	90	fvgpzofz	
174	174	nltrcaqqwr	1	133	rtqfaexf	
34	34	jmnueqcmzp	0	72	pnavxgwb	
34	34	jmnueqcmzp	0	181	nmmgvdnf	
46	46	meyznhprwy	0	53	umfojgjh	
152	152	gaaugspmuo	1	35	puxahvnz	
15	15	sbpysbaobi	0	88	fokymfkd	
144	144	qpfvgwcuea	0	81	uxuuuepn	
144	144	qpfvgwcuea	0	68	swrtmbes	
69	69	azywvgximc	0	128	ebhrneiv	
88	88	ohhsxculmd	0	146	kwoynoxy	
88	88	ohhsxculmd	0	34	qvvoykgc	
77	77	spteektspu	0	152	jrlsqbkv	
119	119	nwnttukujy	0	43	gsdcppuj	
148	148	yqbbqqpcfh	1	89	gsbijxqs	
48	48	fsrirdjsmj	0	33	kxrnegea	
48	48	fsrirdjsmj	0	55	rtxtnxbi	
153	153	kztkgixtaa	0	194	ybwwaaei	
153	153	kztkgixtaa	0	30	fekrbhtt	
21	21	igxznmbxkp	0	104	zotsmpov	
149	149	boqhsktoup	0	4	vcdfjbiq	
149	149	boqhsktoup	0	8	vitkntsv	
138	138	bozogvljwf	1	26	snjnsixt	
118	118	gtokbfoiyg	0	185	bqncvbti	
157	157	khxzawpwyh	0	106	rqhkixhm	
78	78	udkttzsqac	1	13	pmcuhqkd	
118	118	gtokbfoiyg	0	51	jvcalwwy	
157	157	khxzawpwyh	0	67	obivbixv	
44	44	jymwayecrs	1	64	ijxkvfeb	
173	173	ovhymqsric	1	65	mmosndrf	
35	35	onwmpmakyk	0	16	pmephktj	
35	35	onwmpmakyk	0	63	ohcrqhba	
70	70	tzhockhogi	0	130	jqnrbyag	
66	66	aiecoslxuk	0	20	jsqteitn	
90	90	ydktrcrubi	0	183	eijbwmlz	
2	2	ykdauxdsnp	0	143	pxcwlrwa	
104	104	tfaxlwfbdr	0	32	qklnqezi	
133	133	nqaedjxqmy	0	171	ctddunii	
24	24	lywycaiqna	0	172	ukftuxot	
2	2	ykdauxdsnp	0	188	orpfqjgy	
24	24	lywycaiqna	0	96	xyuypold	
65	65	bobtdrqegg	0	80	uyevwtpf	
7	7	lvrbrnstdy	1	110	nirywkcq	
7	7	lvrbrnstdy	1	52	tyfzorbg	
7	7	lvrbrnstdy	1	135	lzpwgwek	
6	6	hvxtksbmzt	0	142	exeyuyct	
7	7	lvrbrnstdy	1	37	zdbsrexo	
7	7	lvrbrnstdy	1	18	jdifgzah	
169	169	uqamdtxrly	0	91	pxmvbkgg	
6	6	hvxtksbmzt	0	148	alcivjlp	
169	169	uqamdtxrly	0	165	oeygexwg	
169	169	uqamdtxrly	0	6	veiwbczm	
7	7	lvrbrnstdy	1	159	rfhzeaua	
192	192	stmpbkjktc	0	136	vzrdyoya	
192	192	stmpbkjktc	0	114	ynltjxpo	
192	192	stmpbkjktc	0	196	hazslwua	
135	135	xhhfpttxaq	0	24	drrsegif	
14	14	twjnctalmz	1	140	iptodcfi	
14	14	twjnctalmz	1	113	twqknzmj	
135	135	xhhfpttxaq	0	195	dzjfldti	
91	91	dtcixqjhtk	1	31	rvkashta	
14	14	twjnctalmz	1	84	reyglbuy	
128	128	jtehivktlv	0	167	vqtdchgk	
114	114	sjwpjaxhfv	0	190	mceoaove	
156	156	rgavtipnmy	0	83	sqrdtyaf	
151	151	fspnpgdtec	0	5	jzrovwir	
132	132	cmcuibkppk	0	176	rduvbeaz	
108	108	doniyxfyyw	0	97	xjshwfeg	
151	151	fspnpgdtec	0	193	ubrfpuyx	
156	156	rgavtipnmy	0	107	tlvjolil	
132	132	cmcuibkppk	0	2	lwhqawxj	
13	13	nohsusihwr	0	156	vefzoskw	
107	107	vnngqmczaa	1	79	xatwemkv	
107	107	vnngqmczaa	1	169	ohzobtzg	
176	176	sllkqmzymo	0	198	migajrba	
160	160	nhwxoxeyhm	1	157	znlpymee	
