CUSTOMER.cid  CUSTOMER.firstname  CUSTOMER.sex  CART.cartid  CART.status  
118	gtokbfoiyg	0	185	bqncvbti	
70	tzhockhogi	0	130	jqnrbyag	
152	gaaugspmuo	1	35	puxahvnz	
46	meyznhprwy	0	53	umfojgjh	
64	fbajkknfhd	0	71	ktvqlhjb	
136	kecdhupcaw	0	58	kcdisuws	
112	ovesahovlq	0	27	iqxcpcvi	
25	fddyojmljq	0	123	lytnqiyq	
36	urbfsjnvcf	1	153	giolucnj	
124	mkzzlncgva	1	189	uodrncnn	
82	yyuzfqtdak	0	150	graofatk	
63	sxpzsysecj	0	28	xbjdazfl	
93	zqiurklhgp	0	119	gjgbkumh	
180	vyievcvqgs	0	100	elsrhvbn	
136	kecdhupcaw	0	14	xgtacpeg	
144	qpfvgwcuea	0	81	uxuuuepn	
192	stmpbkjktc	0	136	vzrdyoya	
55	tpvuxeypls	1	127	ntcfehlh	
33	mknrhrbyhy	0	120	aejmordq	
157	khxzawpwyh	0	106	rqhkixhm	
126	nwiulgobda	0	108	ulzdrnwa	
29	mnjctddgyt	1	78	xssgycpe	
196	fvheiaexpr	0	15	gzfnaewz	
189	qgduwmlkng	0	182	lgqbnmfl	
40	folozkezxk	1	92	yqidusrb	
135	xhhfpttxaq	0	24	drrsegif	
52	ieqecabhuz	1	73	andrrsku	
143	ywhwjsqhuk	0	22	mvkxcqsi	
39	daivojbnod	1	116	wedxbzbr	
60	wiqmabcueq	0	155	yujxkrqp	
7	lvrbrnstdy	1	110	nirywkcq	
141	tzitkicncy	1	61	gxzizpyq	
76	mzwczzjptx	0	184	ahvulivp	
5	rmvqpaabdg	1	109	qvezeykx	
59	unmfcdcorg	1	39	flgkfgcu	
197	lvohwskadt	1	41	pstthevd	
44	jymwayecrs	1	64	ijxkvfeb	
57	ucorlxhiyo	0	66	mmfeemxk	
102	gngfuopkeg	1	191	kjmlidtr	
124	mkzzlncgva	1	94	fodzjbam	
113	usdrymibfd	0	180	ssepcosu	
114	sjwpjaxhfv	0	190	mceoaove	
105	egwvqcqiyq	1	42	gwdcwfdg	
144	qpfvgwcuea	0	68	swrtmbes	
1	oxquyawmoi	1	164	txuheznb	
150	gebjtcpoha	1	10	afnvdaxx	
175	ybiramhstc	0	12	kdyouybc	
156	rgavtipnmy	0	83	sqrdtyaf	
56	ljbenyiygd	0	115	atsmnojs	
69	azywvgximc	0	128	ebhrneiv	
16	ogiizfqbsf	0	25	ndbrdexe	
185	hkeiaghwau	0	36	knomuakc	
64	fbajkknfhd	0	62	dgzodayf	
115	xofmtwotpz	1	75	vwjmavon	
5	rmvqpaabdg	1	60	gqzkvxho	
9	jeycxnsuej	1	57	ouoqmifn	
79	diuyvvaupo	0	85	sqiphkkf	
26	uswctdwkll	1	50	skactywe	
93	zqiurklhgp	0	129	rzxyjiey	
179	avaqfudlcl	0	59	lmizvttd	
115	xofmtwotpz	1	40	jcbilatz	
143	ywhwjsqhuk	0	23	vztqgeai	
57	ucorlxhiyo	0	141	jnklzxhl	
198	zxecciipny	1	166	qmrdfqvw	
151	fspnpgdtec	0	5	jzrovwir	
36	urbfsjnvcf	1	90	fvgpzofz	
13	nohsusihwr	0	156	vefzoskw	
137	egfkngsqed	1	82	zgzdahuk	
31	uuvdwmsome	0	1	pyomqgyn	
149	boqhsktoup	0	4	vcdfjbiq	
71	ltryuhndwo	1	105	yefzajgq	
71	ltryuhndwo	1	99	lsafpdzf	
7	lvrbrnstdy	1	52	tyfzorbg	
88	ohhsxculmd	0	146	kwoynoxy	
197	lvohwskadt	1	177	tnuhmpjy	
16	ogiizfqbsf	0	138	tadncurz	
119	nwnttukujy	0	43	gsdcppuj	
166	hyamnzzxjp	1	11	mlotuklu	
188	qvwapjdizo	0	95	urkxjcof	
129	mbdpvmsenn	1	125	qmesjwfn	
66	aiecoslxuk	0	20	jsqteitn	
56	ljbenyiygd	0	77	euqkkfqw	
14	twjnctalmz	1	140	iptodcfi	
59	unmfcdcorg	1	175	zivikupm	
60	wiqmabcueq	0	76	cuipatci	
174	nltrcaqqwr	1	133	rtqfaexf	
126	nwiulgobda	0	29	wkpnsoij	
60	wiqmabcueq	0	187	grmgwoka	
193	tshtvlevqj	0	112	asawzblt	
23	isfygaqieu	1	9	hbxlnttl	
104	tfaxlwfbdr	0	32	qklnqezi	
133	nqaedjxqmy	0	171	ctddunii	
14	twjnctalmz	1	113	twqknzmj	
2	ykdauxdsnp	0	143	pxcwlrwa	
33	mknrhrbyhy	0	170	jlvuzpjs	
145	bkvyabbsjf	1	124	cznzlaep	
166	hyamnzzxjp	1	17	pwenxmsy	
90	ydktrcrubi	0	183	eijbwmlz	
79	diuyvvaupo	0	161	cqvqfchj	
112	ovesahovlq	0	168	oauduwwa	
73	mpedgaaprc	1	149	qhghsklx	
127	sgrpzbigmg	0	46	vxwztsjy	
134	huycgcwece	0	139	kgtwvkpd	
131	haozwebxrv	0	163	qmocjzhg	
7	lvrbrnstdy	1	135	lzpwgwek	
149	boqhsktoup	0	8	vitkntsv	
141	tzitkicncy	1	145	ibplpugy	
61	vcsjavqyfb	0	134	wmcmktcm	
175	ybiramhstc	0	122	qrcialex	
173	ovhymqsric	1	65	mmosndrf	
155	dplmlnbxph	0	132	vewjvmeb	
6	hvxtksbmzt	0	142	exeyuyct	
96	mdvcbfjfkc	1	48	ofmbdlov	
29	mnjctddgyt	1	179	bkoxtnzh	
132	cmcuibkppk	0	176	rduvbeaz	
111	ldbmgcabcz	1	21	kbqxmudc	
80	ajndsunrwx	0	137	zoyricvx	
107	vnngqmczaa	1	79	xatwemkv	
7	lvrbrnstdy	1	37	zdbsrexo	
135	xhhfpttxaq	0	195	dzjfldti	
78	udkttzsqac	1	13	pmcuhqkd	
85	qgfkexbkgh	0	93	gdakgemq	
20	lverzjpykh	1	117	skhrhzdo	
107	vnngqmczaa	1	169	ohzobtzg	
7	lvrbrnstdy	1	18	jdifgzah	
35	onwmpmakyk	0	16	pmephktj	
35	onwmpmakyk	0	63	ohcrqhba	
91	dtcixqjhtk	1	31	rvkashta	
64	fbajkknfhd	0	147	rvjvhypw	
34	jmnueqcmzp	0	72	pnavxgwb	
85	qgfkexbkgh	0	160	kshzblef	
153	kztkgixtaa	0	194	ybwwaaei	
101	ngvdnlwxyb	0	154	mrensvts	
15	sbpysbaobi	0	88	fokymfkd	
138	bozogvljwf	1	26	snjnsixt	
33	mknrhrbyhy	0	0	ngbsywdi	
47	arqqjsgoiu	0	178	ddmobnxn	
181	pyjpinswhi	1	197	tbcwrgdi	
24	lywycaiqna	0	172	ukftuxot	
108	doniyxfyyw	0	97	xjshwfeg	
181	pyjpinswhi	1	86	skbglavg	
47	arqqjsgoiu	0	144	oxuwywcp	
160	nhwxoxeyhm	1	157	znlpymee	
21	igxznmbxkp	0	104	zotsmpov	
176	sllkqmzymo	0	198	migajrba	
117	omkfbeiski	0	174	epwknoqu	
169	uqamdtxrly	0	91	pxmvbkgg	
158	syzhdvajye	1	111	gpursjni	
2	ykdauxdsnp	0	188	orpfqjgy	
84	xyreayusgf	1	49	quldlnpw	
147	nawgppjncr	0	47	tlgeibxr	
151	fspnpgdtec	0	193	ubrfpuyx	
162	ubhtgmpovc	1	44	snybbruk	
123	mytcumcylu	0	3	lzxrklxb	
118	gtokbfoiyg	0	51	jvcalwwy	
62	kdpqtfvqeu	1	162	blcojgdu	
126	nwiulgobda	0	192	dmcehzfn	
6	hvxtksbmzt	0	148	alcivjlp	
136	kecdhupcaw	0	56	hwqquqxh	
88	ohhsxculmd	0	34	qvvoykgc	
93	zqiurklhgp	0	121	tyodbsou	
157	khxzawpwyh	0	67	obivbixv	
112	ovesahovlq	0	87	jizwumgv	
153	kztkgixtaa	0	30	fekrbhtt	
87	jpdzycwjno	1	199	muhgalpw	
85	qgfkexbkgh	0	69	fscjsuhe	
14	twjnctalmz	1	84	reyglbuy	
26	uswctdwkll	1	54	pmhcfcol	
130	mgowkxlgmk	0	186	mcxzcqho	
128	jtehivktlv	0	167	vqtdchgk	
37	kwqpvkssgb	0	98	dirmefns	
137	egfkngsqed	1	126	torpuect	
156	rgavtipnmy	0	107	tlvjolil	
115	xofmtwotpz	1	151	fmxvhpaq	
77	spteektspu	0	152	jrlsqbkv	
76	mzwczzjptx	0	118	kwmjgokp	
24	lywycaiqna	0	96	xyuypold	
34	jmnueqcmzp	0	181	nmmgvdnf	
132	cmcuibkppk	0	2	lwhqawxj	
121	rwwcezvulp	0	7	xeukuzzu	
120	ignzdwsrbu	1	102	dklnihag	
169	uqamdtxrly	0	165	oeygexwg	
148	yqbbqqpcfh	1	89	gsbijxqs	
155	dplmlnbxph	0	103	qtijjnnc	
136	kecdhupcaw	0	74	efbyemfd	
48	fsrirdjsmj	0	33	kxrnegea	
101	ngvdnlwxyb	0	38	yyazonnh	
65	bobtdrqegg	0	80	uyevwtpf	
115	xofmtwotpz	1	45	vimqgujt	
126	nwiulgobda	0	173	qtvhnhoi	
154	hgswmkklvw	0	19	zyvdbkda	
53	cgpzkbofek	1	131	yyzcmjsz	
131	haozwebxrv	0	101	olhteuod	
169	uqamdtxrly	0	6	veiwbczm	
41	jkqqetoxai	0	70	wtksgusn	
192	stmpbkjktc	0	114	ynltjxpo	
7	lvrbrnstdy	1	159	rfhzeaua	
120	ignzdwsrbu	1	158	cyrkndmk	
192	stmpbkjktc	0	196	hazslwua	
48	fsrirdjsmj	0	55	rtxtnxbi	
